<test-run id="2" testcasecount="8" result="Passed" start-time="2026-01-08 19:07:46.501895" end-time="2026-01-08 19:07:49.282504" duration="2" total="8" passed="8" failed="0" inconclusive="0" skipped="0" asserts="0" clr-version="3.12.11 | packaged by Anaconda, Inc. | (main, Jun  5 2025, 13:09:17) [GCC 11.2.0]" engine-version="3.6.2"><command-line>/work/home/lmmcinn/.conda/envs/datamapplot_tests/lib/python3.12/site-packages/pytest/__main__.py datamapplot/tests/test_interactive_plotting.py::TestMinimalFixtureGeneration -v</command-line><filter><test re="0">datamapplot/tests/test_interactive_plotting.py::TestMinimalFixtureGeneration</test></filter><test-suite id="datamapplot/tests/test_interactive_plotting.py::TestMinimalFixtureGeneration" name="datamapplot/tests/test_interactive_plotting.py::TestMinimalFixtureGeneration" fullname="datamapplot/tests/test_interactive_plotting.py::TestMinimalFixtureGeneration" methodname="" classname="" runstate="Runnable" type="Assembly" testcasecount="8" result="Passed" label="Generate minimal HTML fixtures for Playwright UI tests.&#10;&#10;    These fixtures are designed to be fast-loading (100-300 points) while&#10;    testing specific features of the interactive rendering." start-time="2026-01-08 19:07:46.663949" end-time="2026-01-08 19:07:49.282395" duration="2.618446" asserts="0" total="8" passed="8" failed="0" warnings="0" inconclusive="0" skipped="0"><properties><property name="python_version" value="3.12.11 | packaged by Anaconda, Inc. | (main, Jun  5 2025, 13:09:17) [GCC 11.2.0]" /></properties><test-case id="100" name="datamapplot/tests/test_interactive_plotting.py::TestMinimalFixtureGeneration::test_generate_minimal_basic" fullname="datamapplot/tests/test_interactive_plotting.py::TestMinimalFixtureGeneration::test_generate_minimal_basic" methodname="test_generate_minimal_basic" classname="TestMinimalFixtureGeneration" runstate="Runnable" seed="1" result="Passed" label="Generate minimal_basic.html - for navigation tests (zoom, pan)." start-time="2026-01-08 19:07:46.663949" end-time="2026-01-08 19:07:46.996531" duration="0.332582" asserts="0"><properties><property name="python-version" value="3.12.11 | packaged by Anaconda, Inc. | (main, Jun  5 2025, 13:09:17) [GCC 11.2.0]" /><property name="fspath" value="datamapplot/tests/test_interactive_plotting.py" /></properties><environment framework-version="3.6.2" clr-version="3.12.11 | packaged by Anaconda, Inc. | (main, Jun  5 2025, 13:09:17) [GCC 11.2.0]" os-version="6.14.0-1017-azure" platform="Linux" cwd="/work/home/lmmcinn/src/datamapplot" machine-name="x86_64" user="" user-domain="" culture="C" uiculture="C" os-architecture="64bit" /><failure><message><![CDATA[]]></message><stack-trace><![CDATA[None]]></stack-trace></failure><reason><message><![CDATA[]]></message></reason><output><![CDATA[]]></output></test-case><test-case id="101" name="datamapplot/tests/test_interactive_plotting.py::TestMinimalFixtureGeneration::test_generate_minimal_search" fullname="datamapplot/tests/test_interactive_plotting.py::TestMinimalFixtureGeneration::test_generate_minimal_search" methodname="test_generate_minimal_search" classname="TestMinimalFixtureGeneration" runstate="Runnable" seed="1" result="Passed" label="Generate minimal_search.html - for search functionality tests." start-time="2026-01-08 19:07:46.996952" end-time="2026-01-08 19:07:47.291038" duration="0.294086" asserts="0"><properties><property name="python-version" value="3.12.11 | packaged by Anaconda, Inc. | (main, Jun  5 2025, 13:09:17) [GCC 11.2.0]" /><property name="fspath" value="datamapplot/tests/test_interactive_plotting.py" /></properties><environment framework-version="3.6.2" clr-version="3.12.11 | packaged by Anaconda, Inc. | (main, Jun  5 2025, 13:09:17) [GCC 11.2.0]" os-version="6.14.0-1017-azure" platform="Linux" cwd="/work/home/lmmcinn/src/datamapplot" machine-name="x86_64" user="" user-domain="" culture="C" uiculture="C" os-architecture="64bit" /><failure><message><![CDATA[]]></message><stack-trace><![CDATA[None]]></stack-trace></failure><reason><message><![CDATA[]]></message></reason><output><![CDATA[]]></output></test-case><test-case id="102" name="datamapplot/tests/test_interactive_plotting.py::TestMinimalFixtureGeneration::test_generate_minimal_tooltip" fullname="datamapplot/tests/test_interactive_plotting.py::TestMinimalFixtureGeneration::test_generate_minimal_tooltip" methodname="test_generate_minimal_tooltip" classname="TestMinimalFixtureGeneration" runstate="Runnable" seed="1" result="Passed" label="Generate minimal_tooltip.html - for tooltip tests." start-time="2026-01-08 19:07:47.291419" end-time="2026-01-08 19:07:47.598555" duration="0.307136" asserts="0"><properties><property name="python-version" value="3.12.11 | packaged by Anaconda, Inc. | (main, Jun  5 2025, 13:09:17) [GCC 11.2.0]" /><property name="fspath" value="datamapplot/tests/test_interactive_plotting.py" /></properties><environment framework-version="3.6.2" clr-version="3.12.11 | packaged by Anaconda, Inc. | (main, Jun  5 2025, 13:09:17) [GCC 11.2.0]" os-version="6.14.0-1017-azure" platform="Linux" cwd="/work/home/lmmcinn/src/datamapplot" machine-name="x86_64" user="" user-domain="" culture="C" uiculture="C" os-architecture="64bit" /><failure><message><![CDATA[]]></message><stack-trace><![CDATA[None]]></stack-trace></failure><reason><message><![CDATA[]]></message></reason><output><![CDATA[]]></output></test-case><test-case id="103" name="datamapplot/tests/test_interactive_plotting.py::TestMinimalFixtureGeneration::test_generate_minimal_selection" fullname="datamapplot/tests/test_interactive_plotting.py::TestMinimalFixtureGeneration::test_generate_minimal_selection" methodname="test_generate_minimal_selection" classname="TestMinimalFixtureGeneration" runstate="Runnable" seed="1" result="Passed" label="Generate minimal_selection.html - for selection handler tests." start-time="2026-01-08 19:07:47.598917" end-time="2026-01-08 19:07:47.906674" duration="0.307757" asserts="0"><properties><property name="python-version" value="3.12.11 | packaged by Anaconda, Inc. | (main, Jun  5 2025, 13:09:17) [GCC 11.2.0]" /><property name="fspath" value="datamapplot/tests/test_interactive_plotting.py" /></properties><environment framework-version="3.6.2" clr-version="3.12.11 | packaged by Anaconda, Inc. | (main, Jun  5 2025, 13:09:17) [GCC 11.2.0]" os-version="6.14.0-1017-azure" platform="Linux" cwd="/work/home/lmmcinn/src/datamapplot" machine-name="x86_64" user="" user-domain="" culture="C" uiculture="C" os-architecture="64bit" /><failure><message><![CDATA[]]></message><stack-trace><![CDATA[None]]></stack-trace></failure><reason><message><![CDATA[]]></message></reason><output><![CDATA[]]></output></test-case><test-case id="104" name="datamapplot/tests/test_interactive_plotting.py::TestMinimalFixtureGeneration::test_generate_minimal_onclick" fullname="datamapplot/tests/test_interactive_plotting.py::TestMinimalFixtureGeneration::test_generate_minimal_onclick" methodname="test_generate_minimal_onclick" classname="TestMinimalFixtureGeneration" runstate="Runnable" seed="1" result="Passed" label="Generate minimal_onclick.html - for on-click action tests." start-time="2026-01-08 19:07:47.907045" end-time="2026-01-08 19:07:48.288312" duration="0.381267" asserts="0"><properties><property name="python-version" value="3.12.11 | packaged by Anaconda, Inc. | (main, Jun  5 2025, 13:09:17) [GCC 11.2.0]" /><property name="fspath" value="datamapplot/tests/test_interactive_plotting.py" /></properties><environment framework-version="3.6.2" clr-version="3.12.11 | packaged by Anaconda, Inc. | (main, Jun  5 2025, 13:09:17) [GCC 11.2.0]" os-version="6.14.0-1017-azure" platform="Linux" cwd="/work/home/lmmcinn/src/datamapplot" machine-name="x86_64" user="" user-domain="" culture="C" uiculture="C" os-architecture="64bit" /><failure><message><![CDATA[]]></message><stack-trace><![CDATA[None]]></stack-trace></failure><reason><message><![CDATA[]]></message></reason><output><![CDATA[]]></output></test-case><test-case id="105" name="datamapplot/tests/test_interactive_plotting.py::TestMinimalFixtureGeneration::test_generate_minimal_colormap" fullname="datamapplot/tests/test_interactive_plotting.py::TestMinimalFixtureGeneration::test_generate_minimal_colormap" methodname="test_generate_minimal_colormap" classname="TestMinimalFixtureGeneration" runstate="Runnable" seed="1" result="Passed" label="Generate minimal_colormap.html - for colormap tests." start-time="2026-01-08 19:07:48.288669" end-time="2026-01-08 19:07:48.632095" duration="0.343426" asserts="0"><properties><property name="python-version" value="3.12.11 | packaged by Anaconda, Inc. | (main, Jun  5 2025, 13:09:17) [GCC 11.2.0]" /><property name="fspath" value="datamapplot/tests/test_interactive_plotting.py" /></properties><environment framework-version="3.6.2" clr-version="3.12.11 | packaged by Anaconda, Inc. | (main, Jun  5 2025, 13:09:17) [GCC 11.2.0]" os-version="6.14.0-1017-azure" platform="Linux" cwd="/work/home/lmmcinn/src/datamapplot" machine-name="x86_64" user="" user-domain="" culture="C" uiculture="C" os-architecture="64bit" /><failure><message><![CDATA[]]></message><stack-trace><![CDATA[None]]></stack-trace></failure><reason><message><![CDATA[]]></message></reason><output><![CDATA[]]></output></test-case><test-case id="106" name="datamapplot/tests/test_interactive_plotting.py::TestMinimalFixtureGeneration::test_generate_minimal_histogram" fullname="datamapplot/tests/test_interactive_plotting.py::TestMinimalFixtureGeneration::test_generate_minimal_histogram" methodname="test_generate_minimal_histogram" classname="TestMinimalFixtureGeneration" runstate="Runnable" seed="1" result="Passed" label="Generate minimal_histogram.html - for histogram tests." start-time="2026-01-08 19:07:48.632472" end-time="2026-01-08 19:07:48.968953" duration="0.336481" asserts="0"><properties><property name="python-version" value="3.12.11 | packaged by Anaconda, Inc. | (main, Jun  5 2025, 13:09:17) [GCC 11.2.0]" /><property name="fspath" value="datamapplot/tests/test_interactive_plotting.py" /></properties><environment framework-version="3.6.2" clr-version="3.12.11 | packaged by Anaconda, Inc. | (main, Jun  5 2025, 13:09:17) [GCC 11.2.0]" os-version="6.14.0-1017-azure" platform="Linux" cwd="/work/home/lmmcinn/src/datamapplot" machine-name="x86_64" user="" user-domain="" culture="C" uiculture="C" os-architecture="64bit" /><failure><message><![CDATA[]]></message><stack-trace><![CDATA[None]]></stack-trace></failure><reason><message><![CDATA[]]></message></reason><output><![CDATA[]]></output></test-case><test-case id="107" name="datamapplot/tests/test_interactive_plotting.py::TestMinimalFixtureGeneration::test_generate_minimal_topictree" fullname="datamapplot/tests/test_interactive_plotting.py::TestMinimalFixtureGeneration::test_generate_minimal_topictree" methodname="test_generate_minimal_topictree" classname="TestMinimalFixtureGeneration" runstate="Runnable" seed="1" result="Passed" label="Generate minimal_topictree.html - for topic tree tests." start-time="2026-01-08 19:07:48.969342" end-time="2026-01-08 19:07:49.282395" duration="0.313053" asserts="0"><properties><property name="python-version" value="3.12.11 | packaged by Anaconda, Inc. | (main, Jun  5 2025, 13:09:17) [GCC 11.2.0]" /><property name="fspath" value="datamapplot/tests/test_interactive_plotting.py" /></properties><environment framework-version="3.6.2" clr-version="3.12.11 | packaged by Anaconda, Inc. | (main, Jun  5 2025, 13:09:17) [GCC 11.2.0]" os-version="6.14.0-1017-azure" platform="Linux" cwd="/work/home/lmmcinn/src/datamapplot" machine-name="x86_64" user="" user-domain="" culture="C" uiculture="C" os-architecture="64bit" /><failure><message><![CDATA[]]></message><stack-trace><![CDATA[None]]></stack-trace></failure><reason><message><![CDATA[]]></message></reason><output><![CDATA[]]></output></test-case><environment framework-version="3.6.2" clr-version="3.12.11 | packaged by Anaconda, Inc. | (main, Jun  5 2025, 13:09:17) [GCC 11.2.0]" os-version="6.14.0-1017-azure" platform="Linux" cwd="/work/home/lmmcinn/src/datamapplot" machine-name="x86_64" user="" user-domain="" culture="C" uiculture="C" os-architecture="64bit" /></test-suite></test-run>